e:\githubdesktop\final_year_project\finalyear\finalyearproject\final year final product\final year final product\x64\release\vc143.pdb
e:\githubdesktop\final_year_project\finalyear\finalyearproject\final year final product\final year final product\x64\release\main.obj
e:\githubdesktop\final_year_project\finalyear\finalyearproject\final year final product\final year final product\x64\release\txdopen.obj
e:\githubdesktop\final_year_project\finalyear\finalyearproject\final year final product\final year final product\x64\release\str_load_full.obj
e:\githubdesktop\final_year_project\finalyear\finalyearproject\final year final product\final year final product\x64\release\str_load.obj
e:\githubdesktop\final_year_project\finalyear\finalyearproject\final year final product\final year final product\x64\release\str_confirmer.obj
e:\githubdesktop\final_year_project\finalyear\finalyearproject\final year final product\final year final product\x64\release\rwsopen.obj
e:\githubdesktop\final_year_project\finalyear\finalyearproject\final year final product\final year final product\x64\release\dffopen.obj
e:\githubdesktop\final_year_project\finalyear\finalyearproject\final year final product\final year final product\x64\release\bspopen.obj
e:\githubdesktop\final_year_project\finalyear\finalyearproject\final year final product\x64\release\final year final product.exe
e:\githubdesktop\final_year_project\finalyear\finalyearproject\final year final product\x64\release\final year final product.pdb
e:\githubdesktop\final_year_project\finalyear\finalyearproject\final year final product\final year final product\x64\release\final year final product.ipdb
e:\githubdesktop\final_year_project\finalyear\finalyearproject\final year final product\final year final product\x64\release\final year final product.iobj
e:\githubdesktop\final_year_project\finalyear\finalyearproject\final year final product\final year final product\x64\release\final ye.21c9db79.tlog\cl.command.1.tlog
e:\githubdesktop\final_year_project\finalyear\finalyearproject\final year final product\final year final product\x64\release\final ye.21c9db79.tlog\cl.items.tlog
e:\githubdesktop\final_year_project\finalyear\finalyearproject\final year final product\final year final product\x64\release\final ye.21c9db79.tlog\cl.read.1.tlog
e:\githubdesktop\final_year_project\finalyear\finalyearproject\final year final product\final year final product\x64\release\final ye.21c9db79.tlog\cl.write.1.tlog
e:\githubdesktop\final_year_project\finalyear\finalyearproject\final year final product\final year final product\x64\release\final ye.21c9db79.tlog\link.command.1.tlog
e:\githubdesktop\final_year_project\finalyear\finalyearproject\final year final product\final year final product\x64\release\final ye.21c9db79.tlog\link.read.1.tlog
e:\githubdesktop\final_year_project\finalyear\finalyearproject\final year final product\final year final product\x64\release\final ye.21c9db79.tlog\link.secondary.1.tlog
e:\githubdesktop\final_year_project\finalyear\finalyearproject\final year final product\final year final product\x64\release\final ye.21c9db79.tlog\link.write.1.tlog
