  Str_Load.cpp
E:\GitHubDesktop\FINAL_YEAR_PROJECT\FinalYear\FinalYearProject\Ultimate_File_Encoder_And_Decoder\Ultimate_File_Encoder_And_Decoder\Source\Bytes.h(151,40): warning C4267: '=': conversion from 'size_t' to 'int', possible loss of data
  (compiling source file 'Source/Str_Load.cpp')
  
E:\GitHubDesktop\FINAL_YEAR_PROJECT\FinalYear\FinalYearProject\Ultimate_File_Encoder_And_Decoder\Ultimate_File_Encoder_And_Decoder\Source\Bytes.h(167,44): warning C4267: '=': conversion from 'size_t' to 'int', possible loss of data
  (compiling source file 'Source/Str_Load.cpp')
  
E:\GitHubDesktop\FINAL_YEAR_PROJECT\FinalYear\FinalYearProject\Ultimate_File_Encoder_And_Decoder\Ultimate_File_Encoder_And_Decoder\Source\Bytes.h(172,44): warning C4267: '=': conversion from 'size_t' to 'int', possible loss of data
  (compiling source file 'Source/Str_Load.cpp')
  
E:\GitHubDesktop\FINAL_YEAR_PROJECT\FinalYear\FinalYearProject\Ultimate_File_Encoder_And_Decoder\Ultimate_File_Encoder_And_Decoder\Source\Bytes.h(181,44): warning C4267: '=': conversion from 'size_t' to 'int', possible loss of data
  (compiling source file 'Source/Str_Load.cpp')
  
E:\GitHubDesktop\FINAL_YEAR_PROJECT\FinalYear\FinalYearProject\Ultimate_File_Encoder_And_Decoder\Ultimate_File_Encoder_And_Decoder\Source\Bytes.h(190,44): warning C4267: '=': conversion from 'size_t' to 'int', possible loss of data
  (compiling source file 'Source/Str_Load.cpp')
  
E:\GitHubDesktop\FINAL_YEAR_PROJECT\FinalYear\FinalYearProject\Ultimate_File_Encoder_And_Decoder\Ultimate_File_Encoder_And_Decoder\Source\Str_Load.h(147,12): warning C4267: 'initializing': conversion from 'size_t' to 'int', possible loss of data
  (compiling source file 'Source/Str_Load.cpp')
  
E:\GitHubDesktop\FINAL_YEAR_PROJECT\FinalYear\FinalYearProject\Ultimate_File_Encoder_And_Decoder\Ultimate_File_Encoder_And_Decoder\Source\Str_Load.h(148,13): warning C4267: 'initializing': conversion from 'size_t' to 'int', possible loss of data
  (compiling source file 'Source/Str_Load.cpp')
  
E:\GitHubDesktop\FINAL_YEAR_PROJECT\FinalYear\FinalYearProject\Ultimate_File_Encoder_And_Decoder\Ultimate_File_Encoder_And_Decoder\Source\Str_Load.cpp(224,11): warning C4267: 'initializing': conversion from 'size_t' to 'int', possible loss of data
E:\GitHubDesktop\FINAL_YEAR_PROJECT\FinalYear\FinalYearProject\Ultimate_File_Encoder_And_Decoder\Ultimate_File_Encoder_And_Decoder\Source\Str_Load.cpp(236,11): warning C4267: 'initializing': conversion from 'size_t' to 'int', possible loss of data
E:\GitHubDesktop\FINAL_YEAR_PROJECT\FinalYear\FinalYearProject\Ultimate_File_Encoder_And_Decoder\Ultimate_File_Encoder_And_Decoder\Source\Str_Load.cpp(273,15): warning C4267: 'initializing': conversion from 'size_t' to 'int', possible loss of data
E:\GitHubDesktop\FINAL_YEAR_PROJECT\FinalYear\FinalYearProject\Ultimate_File_Encoder_And_Decoder\Ultimate_File_Encoder_And_Decoder\Source\Str_Load.cpp(274,11): warning C4267: 'initializing': conversion from 'size_t' to 'int', possible loss of data
  Ultimate_File_Encoder_And_Decoder.vcxproj -> E:\GitHubDesktop\FINAL_YEAR_PROJECT\FinalYear\FinalYearProject\Ultimate_File_Encoder_And_Decoder\x64\Debug\Ultimate_File_Encoder_And_Decoder.exe
