e:\githubdesktop\final_year_project\ultimate_file_encoder_and_decoder\ultimate_file_encoder_and_decoder\x64\debug\vc143.pdb
e:\githubdesktop\final_year_project\ultimate_file_encoder_and_decoder\ultimate_file_encoder_and_decoder\x64\debug\vc143.idb
e:\githubdesktop\final_year_project\ultimate_file_encoder_and_decoder\ultimate_file_encoder_and_decoder\x64\debug\textdisplay.obj
e:\githubdesktop\final_year_project\ultimate_file_encoder_and_decoder\ultimate_file_encoder_and_decoder\x64\debug\str_load.obj
e:\githubdesktop\final_year_project\ultimate_file_encoder_and_decoder\ultimate_file_encoder_and_decoder\x64\debug\rendertoscreen.obj
e:\githubdesktop\final_year_project\ultimate_file_encoder_and_decoder\ultimate_file_encoder_and_decoder\x64\debug\main.obj
e:\githubdesktop\final_year_project\ultimate_file_encoder_and_decoder\ultimate_file_encoder_and_decoder\x64\debug\ultimate_file_encoder_and_decoder.ilk
e:\githubdesktop\final_year_project\ultimate_file_encoder_and_decoder\x64\debug\ultimate_file_encoder_and_decoder.exe
e:\githubdesktop\final_year_project\ultimate_file_encoder_and_decoder\x64\debug\ultimate_file_encoder_and_decoder.pdb
e:\githubdesktop\final_year_project\finalyear\finalyearproject\ultimate_file_encoder_and_decoder\ultimate_file_encoder_and_decoder\x64\debug\main.obj
e:\githubdesktop\final_year_project\finalyear\finalyearproject\ultimate_file_encoder_and_decoder\ultimate_file_encoder_and_decoder\x64\debug\rendertoscreen.obj
e:\githubdesktop\final_year_project\finalyear\finalyearproject\ultimate_file_encoder_and_decoder\ultimate_file_encoder_and_decoder\x64\debug\str_load.obj
e:\githubdesktop\final_year_project\finalyear\finalyearproject\ultimate_file_encoder_and_decoder\ultimate_file_encoder_and_decoder\x64\debug\textdisplay.obj
e:\githubdesktop\final_year_project\finalyear\finalyearproject\ultimate_file_encoder_and_decoder\ultimate_file_encoder_and_decoder\x64\debug\ultimate_file_encoder_and_decoder.ilk
e:\githubdesktop\final_year_project\finalyear\finalyearproject\ultimate_file_encoder_and_decoder\ultimate_file_encoder_and_decoder\x64\debug\vc143.idb
e:\githubdesktop\final_year_project\finalyear\finalyearproject\ultimate_file_encoder_and_decoder\ultimate_file_encoder_and_decoder\x64\debug\vc143.pdb
e:\githubdesktop\final_year_project\finalyear\finalyearproject\ultimate_file_encoder_and_decoder\x64\debug\ultimate_file_encoder_and_decoder.pdb
e:\githubdesktop\final_year_project\finalyear\finalyearproject\ultimate_file_encoder_and_decoder\x64\debug\ultimate_file_encoder_and_decoder.exe
e:\githubdesktop\final_year_project\finalyear\finalyearproject\ultimate_file_encoder_and_decoder\ultimate_file_encoder_and_decoder\x64\debug\ultimate.5d14f198.tlog\cl.command.1.tlog
e:\githubdesktop\final_year_project\finalyear\finalyearproject\ultimate_file_encoder_and_decoder\ultimate_file_encoder_and_decoder\x64\debug\ultimate.5d14f198.tlog\cl.items.tlog
e:\githubdesktop\final_year_project\finalyear\finalyearproject\ultimate_file_encoder_and_decoder\ultimate_file_encoder_and_decoder\x64\debug\ultimate.5d14f198.tlog\cl.read.1.tlog
e:\githubdesktop\final_year_project\finalyear\finalyearproject\ultimate_file_encoder_and_decoder\ultimate_file_encoder_and_decoder\x64\debug\ultimate.5d14f198.tlog\cl.write.1.tlog
e:\githubdesktop\final_year_project\finalyear\finalyearproject\ultimate_file_encoder_and_decoder\ultimate_file_encoder_and_decoder\x64\debug\ultimate.5d14f198.tlog\link.command.1.tlog
e:\githubdesktop\final_year_project\finalyear\finalyearproject\ultimate_file_encoder_and_decoder\ultimate_file_encoder_and_decoder\x64\debug\ultimate.5d14f198.tlog\link.read.1.tlog
e:\githubdesktop\final_year_project\finalyear\finalyearproject\ultimate_file_encoder_and_decoder\ultimate_file_encoder_and_decoder\x64\debug\ultimate.5d14f198.tlog\link.write.1.tlog
