e:\githubdesktop\final_year_project\finalyear\finalyearproject\final year final product\final year final product\x64\debug\vc143.pdb
e:\githubdesktop\final_year_project\finalyear\finalyearproject\final year final product\final year final product\x64\debug\vc143.idb
e:\githubdesktop\final_year_project\finalyear\finalyearproject\final year final product\final year final product\x64\debug\txdopen.obj
e:\githubdesktop\final_year_project\finalyear\finalyearproject\final year final product\final year final product\x64\debug\str_load_full.obj
e:\githubdesktop\final_year_project\finalyear\finalyearproject\final year final product\final year final product\x64\debug\str_load.obj
e:\githubdesktop\final_year_project\finalyear\finalyearproject\final year final product\final year final product\x64\debug\str_confirmer.obj
e:\githubdesktop\final_year_project\finalyear\finalyearproject\final year final product\final year final product\x64\debug\rwsopen.obj
e:\githubdesktop\final_year_project\finalyear\finalyearproject\final year final product\final year final product\x64\debug\main.obj
e:\githubdesktop\final_year_project\finalyear\finalyearproject\final year final product\final year final product\x64\debug\dffopen.obj
e:\githubdesktop\final_year_project\finalyear\finalyearproject\final year final product\final year final product\x64\debug\bspopen.obj
e:\githubdesktop\final_year_project\finalyear\finalyearproject\final year final product\x64\debug\final year final product.exe
e:\githubdesktop\final_year_project\finalyear\finalyearproject\final year final product\x64\debug\final year final product.pdb
e:\githubdesktop\final_year_project\finalyear\finalyearproject\final year final product\final year final product\x64\debug\final year final product.ilk
c:\users\s22130235\finalyear\finalyearproject\final year final product\final year final product\x64\debug\bspopen.obj
c:\users\s22130235\finalyear\finalyearproject\final year final product\final year final product\x64\debug\dffopen.obj
c:\users\s22130235\finalyear\finalyearproject\final year final product\final year final product\x64\debug\main.obj
c:\users\s22130235\finalyear\finalyearproject\final year final product\final year final product\x64\debug\rwsopen.obj
c:\users\s22130235\finalyear\finalyearproject\final year final product\final year final product\x64\debug\str_confirmer.obj
c:\users\s22130235\finalyear\finalyearproject\final year final product\final year final product\x64\debug\str_load.obj
c:\users\s22130235\finalyear\finalyearproject\final year final product\final year final product\x64\debug\str_load_full.obj
c:\users\s22130235\finalyear\finalyearproject\final year final product\final year final product\x64\debug\txdopen.obj
c:\users\s22130235\finalyear\finalyearproject\final year final product\final year final product\x64\debug\txdopen.obj.enc
c:\users\s22130235\finalyear\finalyearproject\final year final product\final year final product\x64\debug\final year final product.ilk
c:\users\s22130235\finalyear\finalyearproject\final year final product\final year final product\x64\debug\vc143.idb
c:\users\s22130235\finalyear\finalyearproject\final year final product\final year final product\x64\debug\vc143.pdb
c:\users\s22130235\finalyear\finalyearproject\final year final product\x64\debug\final year final product.pdb
c:\users\s22130235\finalyear\finalyearproject\final year final product\x64\debug\final year final product.exe
c:\users\s22130235\finalyear\finalyearproject\final year final product\final year final product\x64\debug\final ye.21c9db79.tlog\cl.command.1.tlog
c:\users\s22130235\finalyear\finalyearproject\final year final product\final year final product\x64\debug\final ye.21c9db79.tlog\cl.items.tlog
c:\users\s22130235\finalyear\finalyearproject\final year final product\final year final product\x64\debug\final ye.21c9db79.tlog\cl.read.1.tlog
c:\users\s22130235\finalyear\finalyearproject\final year final product\final year final product\x64\debug\final ye.21c9db79.tlog\cl.write.1.tlog
c:\users\s22130235\finalyear\finalyearproject\final year final product\final year final product\x64\debug\final ye.21c9db79.tlog\link.command.1.tlog
c:\users\s22130235\finalyear\finalyearproject\final year final product\final year final product\x64\debug\final ye.21c9db79.tlog\link.read.1.tlog
c:\users\s22130235\finalyear\finalyearproject\final year final product\final year final product\x64\debug\final ye.21c9db79.tlog\link.secondary.1.tlog
c:\users\s22130235\finalyear\finalyearproject\final year final product\final year final product\x64\debug\final ye.21c9db79.tlog\link.write.1.tlog
