  Arc_Load.cpp
E:\GitHubDesktop\FINAL_YEAR_PROJECT\FinalYear\FinalYearProject\Arc_File_Encoder_And_Decoder\Arc_File_Encoder_And_Decoder\Arc_File_Encoder_And_Decoder\Source\Bytes.h(151,40): warning C4267: '=': conversion from 'size_t' to 'int', possible loss of data
  (compiling source file 'Source/Arc_Load.cpp')
  
E:\GitHubDesktop\FINAL_YEAR_PROJECT\FinalYear\FinalYearProject\Arc_File_Encoder_And_Decoder\Arc_File_Encoder_And_Decoder\Arc_File_Encoder_And_Decoder\Source\Bytes.h(167,44): warning C4267: '=': conversion from 'size_t' to 'int', possible loss of data
  (compiling source file 'Source/Arc_Load.cpp')
  
E:\GitHubDesktop\FINAL_YEAR_PROJECT\FinalYear\FinalYearProject\Arc_File_Encoder_And_Decoder\Arc_File_Encoder_And_Decoder\Arc_File_Encoder_And_Decoder\Source\Bytes.h(173,44): warning C4267: '=': conversion from 'size_t' to 'int', possible loss of data
  (compiling source file 'Source/Arc_Load.cpp')
  
E:\GitHubDesktop\FINAL_YEAR_PROJECT\FinalYear\FinalYearProject\Arc_File_Encoder_And_Decoder\Arc_File_Encoder_And_Decoder\Arc_File_Encoder_And_Decoder\Source\Bytes.h(182,44): warning C4267: '=': conversion from 'size_t' to 'int', possible loss of data
  (compiling source file 'Source/Arc_Load.cpp')
  
E:\GitHubDesktop\FINAL_YEAR_PROJECT\FinalYear\FinalYearProject\Arc_File_Encoder_And_Decoder\Arc_File_Encoder_And_Decoder\Arc_File_Encoder_And_Decoder\Source\Bytes.h(187,44): warning C4267: '=': conversion from 'size_t' to 'int', possible loss of data
  (compiling source file 'Source/Arc_Load.cpp')
  
E:\GitHubDesktop\FINAL_YEAR_PROJECT\FinalYear\FinalYearProject\Arc_File_Encoder_And_Decoder\Arc_File_Encoder_And_Decoder\Arc_File_Encoder_And_Decoder\Source\Bytes.h(196,44): warning C4267: '=': conversion from 'size_t' to 'int', possible loss of data
  (compiling source file 'Source/Arc_Load.cpp')
  
E:\GitHubDesktop\FINAL_YEAR_PROJECT\FinalYear\FinalYearProject\Arc_File_Encoder_And_Decoder\Arc_File_Encoder_And_Decoder\Arc_File_Encoder_And_Decoder\Source\Bytes.h(205,44): warning C4267: '=': conversion from 'size_t' to 'int', possible loss of data
  (compiling source file 'Source/Arc_Load.cpp')
  
E:\GitHubDesktop\FINAL_YEAR_PROJECT\FinalYear\FinalYearProject\Arc_File_Encoder_And_Decoder\Arc_File_Encoder_And_Decoder\Arc_File_Encoder_And_Decoder\Source\Arc_Load.cpp(81,11): warning C4267: 'initializing': conversion from 'size_t' to 'int', possible loss of data
E:\GitHubDesktop\FINAL_YEAR_PROJECT\FinalYear\FinalYearProject\Arc_File_Encoder_And_Decoder\Arc_File_Encoder_And_Decoder\Arc_File_Encoder_And_Decoder\Source\Arc_Load.cpp(93,11): warning C4267: 'initializing': conversion from 'size_t' to 'int', possible loss of data
E:\GitHubDesktop\FINAL_YEAR_PROJECT\FinalYear\FinalYearProject\Arc_File_Encoder_And_Decoder\Arc_File_Encoder_And_Decoder\Arc_File_Encoder_And_Decoder\Source\Arc_Load.cpp(152,20): warning C4018: '<': signed/unsigned mismatch
  main.cpp
E:\GitHubDesktop\FINAL_YEAR_PROJECT\FinalYear\FinalYearProject\Arc_File_Encoder_And_Decoder\Arc_File_Encoder_And_Decoder\Arc_File_Encoder_And_Decoder\Source\Bytes.h(151,40): warning C4267: '=': conversion from 'size_t' to 'int', possible loss of data
  (compiling source file 'Source/main.cpp')
  
E:\GitHubDesktop\FINAL_YEAR_PROJECT\FinalYear\FinalYearProject\Arc_File_Encoder_And_Decoder\Arc_File_Encoder_And_Decoder\Arc_File_Encoder_And_Decoder\Source\Bytes.h(167,44): warning C4267: '=': conversion from 'size_t' to 'int', possible loss of data
  (compiling source file 'Source/main.cpp')
  
E:\GitHubDesktop\FINAL_YEAR_PROJECT\FinalYear\FinalYearProject\Arc_File_Encoder_And_Decoder\Arc_File_Encoder_And_Decoder\Arc_File_Encoder_And_Decoder\Source\Bytes.h(173,44): warning C4267: '=': conversion from 'size_t' to 'int', possible loss of data
  (compiling source file 'Source/main.cpp')
  
E:\GitHubDesktop\FINAL_YEAR_PROJECT\FinalYear\FinalYearProject\Arc_File_Encoder_And_Decoder\Arc_File_Encoder_And_Decoder\Arc_File_Encoder_And_Decoder\Source\Bytes.h(182,44): warning C4267: '=': conversion from 'size_t' to 'int', possible loss of data
  (compiling source file 'Source/main.cpp')
  
E:\GitHubDesktop\FINAL_YEAR_PROJECT\FinalYear\FinalYearProject\Arc_File_Encoder_And_Decoder\Arc_File_Encoder_And_Decoder\Arc_File_Encoder_And_Decoder\Source\Bytes.h(187,44): warning C4267: '=': conversion from 'size_t' to 'int', possible loss of data
  (compiling source file 'Source/main.cpp')
  
E:\GitHubDesktop\FINAL_YEAR_PROJECT\FinalYear\FinalYearProject\Arc_File_Encoder_And_Decoder\Arc_File_Encoder_And_Decoder\Arc_File_Encoder_And_Decoder\Source\Bytes.h(196,44): warning C4267: '=': conversion from 'size_t' to 'int', possible loss of data
  (compiling source file 'Source/main.cpp')
  
E:\GitHubDesktop\FINAL_YEAR_PROJECT\FinalYear\FinalYearProject\Arc_File_Encoder_And_Decoder\Arc_File_Encoder_And_Decoder\Arc_File_Encoder_And_Decoder\Source\Bytes.h(205,44): warning C4267: '=': conversion from 'size_t' to 'int', possible loss of data
  (compiling source file 'Source/main.cpp')
  
  Generating Code...
  Arc_File_Encoder_And_Decoder.vcxproj -> E:\GitHubDesktop\FINAL_YEAR_PROJECT\FinalYear\FinalYearProject\Arc_File_Encoder_And_Decoder\Arc_File_Encoder_And_Decoder\x64\Debug\Arc_File_Encoder_And_Decoder.exe
