  RenderToScreen.cpp
E:\GitHubDesktop\FINAL_YEAR_PROJECT\FinalYear\FinalYearProject\Ultimate_File_Encoder_And_Decoder\Ultimate_File_Encoder_And_Decoder\Source\TextDisplay.h(22,28): warning C4244: '=': conversion from 'float' to 'int', possible loss of data
  (compiling source file 'Source/RenderToScreen.cpp')
  
E:\GitHubDesktop\FINAL_YEAR_PROJECT\FinalYear\FinalYearProject\Ultimate_File_Encoder_And_Decoder\Ultimate_File_Encoder_And_Decoder\Source\TextDisplay.h(23,30): warning C4244: '=': conversion from 'float' to 'int', possible loss of data
  (compiling source file 'Source/RenderToScreen.cpp')
  
E:\GitHubDesktop\FINAL_YEAR_PROJECT\FinalYear\FinalYearProject\Ultimate_File_Encoder_And_Decoder\Ultimate_File_Encoder_And_Decoder\Source\TextDisplay.h(27,18): warning C4244: '=': conversion from 'int' to 'float', possible loss of data
  (compiling source file 'Source/RenderToScreen.cpp')
  
E:\GitHubDesktop\FINAL_YEAR_PROJECT\FinalYear\FinalYearProject\Ultimate_File_Encoder_And_Decoder\Ultimate_File_Encoder_And_Decoder\Source\TextDisplay.h(28,18): warning C4244: '=': conversion from 'int' to 'float', possible loss of data
  (compiling source file 'Source/RenderToScreen.cpp')
  
E:\GitHubDesktop\FINAL_YEAR_PROJECT\FinalYear\FinalYearProject\Ultimate_File_Encoder_And_Decoder\Ultimate_File_Encoder_And_Decoder\Source\TextDisplay.h(29,18): warning C4244: '=': conversion from 'int' to 'float', possible loss of data
  (compiling source file 'Source/RenderToScreen.cpp')
  
E:\GitHubDesktop\FINAL_YEAR_PROJECT\FinalYear\FinalYearProject\Ultimate_File_Encoder_And_Decoder\Ultimate_File_Encoder_And_Decoder\Source\TextDisplay.h(30,18): warning C4244: '=': conversion from 'int' to 'float', possible loss of data
  (compiling source file 'Source/RenderToScreen.cpp')
  
E:\GitHubDesktop\FINAL_YEAR_PROJECT\FinalYear\FinalYearProject\Ultimate_File_Encoder_And_Decoder\Ultimate_File_Encoder_And_Decoder\Source\TextDisplay.h(57,15): warning C4302: 'type cast': truncation from 'const _Elem *' to 'char'
E:\GitHubDesktop\FINAL_YEAR_PROJECT\FinalYear\FinalYearProject\Ultimate_File_Encoder_And_Decoder\Ultimate_File_Encoder_And_Decoder\Source\TextDisplay.h(57,15): warning C4302:         with
E:\GitHubDesktop\FINAL_YEAR_PROJECT\FinalYear\FinalYearProject\Ultimate_File_Encoder_And_Decoder\Ultimate_File_Encoder_And_Decoder\Source\TextDisplay.h(57,15): warning C4302:         [
E:\GitHubDesktop\FINAL_YEAR_PROJECT\FinalYear\FinalYearProject\Ultimate_File_Encoder_And_Decoder\Ultimate_File_Encoder_And_Decoder\Source\TextDisplay.h(57,15): warning C4302:             _Elem=char
E:\GitHubDesktop\FINAL_YEAR_PROJECT\FinalYear\FinalYearProject\Ultimate_File_Encoder_And_Decoder\Ultimate_File_Encoder_And_Decoder\Source\TextDisplay.h(57,15): warning C4302:         ]
  (compiling source file 'Source/RenderToScreen.cpp')
  
E:\GitHubDesktop\FINAL_YEAR_PROJECT\FinalYear\FinalYearProject\Ultimate_File_Encoder_And_Decoder\Ultimate_File_Encoder_And_Decoder\Source\RenderToScreen.cpp(43,63): warning C4244: 'argument': conversion from 'float' to 'int', possible loss of data
E:\GitHubDesktop\FINAL_YEAR_PROJECT\FinalYear\FinalYearProject\Ultimate_File_Encoder_And_Decoder\Ultimate_File_Encoder_And_Decoder\Source\RenderToScreen.cpp(43,53): warning C4244: 'argument': conversion from 'float' to 'int', possible loss of data
E:\GitHubDesktop\FINAL_YEAR_PROJECT\FinalYear\FinalYearProject\Ultimate_File_Encoder_And_Decoder\Ultimate_File_Encoder_And_Decoder\Source\RenderToScreen.cpp(43,45): warning C4305: 'argument': truncation from 'double' to 'float'
E:\GitHubDesktop\FINAL_YEAR_PROJECT\FinalYear\FinalYearProject\Ultimate_File_Encoder_And_Decoder\Ultimate_File_Encoder_And_Decoder\Source\RenderToScreen.cpp(43,39): warning C4305: 'argument': truncation from 'double' to 'float'
  Generating code
  4 of 472 functions ( 0.8%) were compiled, the rest were copied from previous compilation.
    0 functions were new in current compilation
    0 functions had inline decision re-evaluated but remain unchanged
  Finished generating code
  Ultimate_File_Encoder_And_Decoder.vcxproj -> E:\GitHubDesktop\FINAL_YEAR_PROJECT\FinalYear\FinalYearProject\Ultimate_File_Encoder_And_Decoder\x64\Release\Ultimate_File_Encoder_And_Decoder.exe
