c:\users\s22130235\finalyear\finalyearproject\.rws file opener\rws_opener\rws_opener\x64\debug\vc143.pdb
c:\users\s22130235\finalyear\finalyearproject\.rws file opener\rws_opener\rws_opener\x64\debug\vc143.idb
c:\users\s22130235\finalyear\finalyearproject\.rws file opener\rws_opener\rws_opener\x64\debug\main.obj
c:\users\s22130235\finalyear\finalyearproject\.rws file opener\rws_opener\rws_opener\x64\debug\fileopen.obj
c:\users\s22130235\finalyear\finalyearproject\.rws file opener\rws_opener\x64\debug\rws_opener.exe
c:\users\s22130235\finalyear\finalyearproject\.rws file opener\rws_opener\x64\debug\rws_opener.pdb
c:\users\s22130235\finalyear\finalyearproject\.rws file opener\rws_opener\rws_opener\x64\debug\rws_opener.ilk
e:\githubdesktop\final_year_project\finalyear\finalyearproject\.rws file opener\rws_opener\rws_opener\x64\debug\fileopen.obj
e:\githubdesktop\final_year_project\finalyear\finalyearproject\.rws file opener\rws_opener\rws_opener\x64\debug\main.obj
e:\githubdesktop\final_year_project\finalyear\finalyearproject\.rws file opener\rws_opener\rws_opener\x64\debug\rws_opener.ilk
e:\githubdesktop\final_year_project\finalyear\finalyearproject\.rws file opener\rws_opener\rws_opener\x64\debug\vc143.idb
e:\githubdesktop\final_year_project\finalyear\finalyearproject\.rws file opener\rws_opener\rws_opener\x64\debug\vc143.pdb
e:\githubdesktop\final_year_project\finalyear\finalyearproject\.rws file opener\rws_opener\x64\debug\rws_opener.pdb
e:\githubdesktop\final_year_project\finalyear\finalyearproject\.rws file opener\rws_opener\x64\debug\rws_opener.exe
e:\githubdesktop\final_year_project\finalyear\finalyearproject\.rws file opener\rws_opener\rws_opener\x64\debug\rws_opener.tlog\cl.command.1.tlog
e:\githubdesktop\final_year_project\finalyear\finalyearproject\.rws file opener\rws_opener\rws_opener\x64\debug\rws_opener.tlog\cl.items.tlog
e:\githubdesktop\final_year_project\finalyear\finalyearproject\.rws file opener\rws_opener\rws_opener\x64\debug\rws_opener.tlog\cl.read.1.tlog
e:\githubdesktop\final_year_project\finalyear\finalyearproject\.rws file opener\rws_opener\rws_opener\x64\debug\rws_opener.tlog\cl.write.1.tlog
e:\githubdesktop\final_year_project\finalyear\finalyearproject\.rws file opener\rws_opener\rws_opener\x64\debug\rws_opener.tlog\link.command.1.tlog
e:\githubdesktop\final_year_project\finalyear\finalyearproject\.rws file opener\rws_opener\rws_opener\x64\debug\rws_opener.tlog\link.read.1.tlog
e:\githubdesktop\final_year_project\finalyear\finalyearproject\.rws file opener\rws_opener\rws_opener\x64\debug\rws_opener.tlog\link.secondary.1.tlog
e:\githubdesktop\final_year_project\finalyear\finalyearproject\.rws file opener\rws_opener\rws_opener\x64\debug\rws_opener.tlog\link.write.1.tlog
